<?xml version="1.0" encoding="UTF-8"?>
<!-- Generated by org.testng.reporters.JUnitReportReporter -->
<testsuite hostname="PC-okko" name="JavaAngelTest" tests="3" failures="0" timestamp="21 May 2015 10:49:05 GMT" time="25.921" errors="0">
  <testcase name="javaAngelTest1" time="4.368" classname="JavaAngelTest"/>
  <testcase name="javaAngelTest3" time="4.282" classname="JavaAngelTest"/>
  <testcase name="javaAngelTest2" time="17.271" classname="JavaAngelTest"/>
</testsuite> <!-- JavaAngelTest -->
